<?xml version="1.0" encoding="UTF-8"?><testsuite errors="0" failures="0" name="lab05.features.search.SearchByKeywordStory" skipped="1" tests="3" time="13.4" timestamp="2020-05-13T15:30:52.777357+03:00[Europe/Athens]"><testcase classname="lab05.features.search.SearchByKeywordStory" name="Searching by keyword banana should display the corresponding article"/><testcase classname="lab05.features.search.SearchByKeywordStory" name="Searching by ambiguious keyword should display the disambiguation page"><skipped/></testcase><testcase classname="lab05.features.search.SearchByKeywordStory" name="Searching by keyword apple should display the corresponding article"/></testsuite>